-- Found ament_cmake: 1.3.8 (/opt/ros/humble/share/ament_cmake/cmake)
-- Found rclcpp: 16.0.8 (/opt/ros/humble/share/rclcpp/cmake)
-- Found rosidl_generator_c: 3.1.5 (/opt/ros/humble/share/rosidl_generator_c/cmake)
-- Found rosidl_adapter: 3.1.5 (/opt/ros/humble/share/rosidl_adapter/cmake)
-- Found rosidl_generator_cpp: 3.1.5 (/opt/ros/humble/share/rosidl_generator_cpp/cmake)
-- Using all available rosidl_typesupport_c: rosidl_typesupport_fastrtps_c;rosidl_typesupport_introspection_c
-- Using all available rosidl_typesupport_cpp: rosidl_typesupport_fastrtps_cpp;rosidl_typesupport_introspection_cpp
-- Found rmw_implementation_cmake: 6.1.1 (/opt/ros/humble/share/rmw_implementation_cmake/cmake)
-- Found rmw_fastrtps_cpp: 6.2.6 (/opt/ros/humble/share/rmw_fastrtps_cpp/cmake)
-- Using RMW implementation 'rmw_fastrtps_cpp' as default
-- Configuring done
-- Generating done
-- Build files have been written to: /home/arno/MicroverRoombaV3/build/rover_receive
[ 50%] [32mBuilding CXX object CMakeFiles/receive_node_nano.dir/src/receive_node_nano.cpp.o[0m
[01m[K/home/arno/MicroverRoombaV3/src/rover_receive/src/receive_node_nano.cpp:[m[K In constructor â€˜[01m[KReceiveNode::ReceiveNode()[m[Kâ€™:
[01m[K/home/arno/MicroverRoombaV3/src/rover_receive/src/receive_node_nano.cpp:10:92:[m[K [01;31m[Kerror: [m[Kâ€˜[01m[KBAUD_9600[m[Kâ€™ is not a member of â€˜[01m[KLibSerial::SerialStreamBuf[m[Kâ€™
   10 |     serial_port_ = new LibSerial::SerialStream("/dev/ttyUSB0", LibSerial::SerialStreamBuf::[01;31m[KBAUD_9600[m[K);
      |                                                                                            [01;31m[K^~~~~~~~~[m[K
gmake[2]: *** [CMakeFiles/receive_node_nano.dir/build.make:76: CMakeFiles/receive_node_nano.dir/src/receive_node_nano.cpp.o] Error 1
gmake[1]: *** [CMakeFiles/Makefile2:137: CMakeFiles/receive_node_nano.dir/all] Error 2
gmake: *** [Makefile:146: all] Error 2
