[0.089s] Invoking command in '/home/arno/MicroverRoombaV3/build/rover_receive': CMAKE_PREFIX_PATH=/opt/ros/humble /usr/bin/cmake --build /home/arno/MicroverRoombaV3/build/rover_receive -- -j4 -l4
[0.267s] -- Found ament_cmake: 1.3.8 (/opt/ros/humble/share/ament_cmake/cmake)
[1.325s] -- Found rclcpp: 16.0.8 (/opt/ros/humble/share/rclcpp/cmake)
[1.593s] -- Found rosidl_generator_c: 3.1.5 (/opt/ros/humble/share/rosidl_generator_c/cmake)
[1.615s] -- Found rosidl_adapter: 3.1.5 (/opt/ros/humble/share/rosidl_adapter/cmake)
[1.665s] -- Found rosidl_generator_cpp: 3.1.5 (/opt/ros/humble/share/rosidl_generator_cpp/cmake)
[1.757s] -- Using all available rosidl_typesupport_c: rosidl_typesupport_fastrtps_c;rosidl_typesupport_introspection_c
[1.888s] -- Using all available rosidl_typesupport_cpp: rosidl_typesupport_fastrtps_cpp;rosidl_typesupport_introspection_cpp
[2.365s] -- Found rmw_implementation_cmake: 6.1.1 (/opt/ros/humble/share/rmw_implementation_cmake/cmake)
[2.376s] -- Found rmw_fastrtps_cpp: 6.2.6 (/opt/ros/humble/share/rmw_fastrtps_cpp/cmake)
[3.377s] -- Using RMW implementation 'rmw_fastrtps_cpp' as default
[5.228s] -- Configuring done
[5.325s] -- Generating done
[5.341s] -- Build files have been written to: /home/arno/MicroverRoombaV3/build/rover_receive
[5.578s] [ 50%] [32mBuilding CXX object CMakeFiles/receive_node_nano.dir/src/receive_node_nano.cpp.o[0m
[24.152s] [01m[K/home/arno/MicroverRoombaV3/src/rover_receive/src/receive_node_nano.cpp:[m[K In constructor â€˜[01m[KReceiveNode::ReceiveNode()[m[Kâ€™:
[24.154s] [01m[K/home/arno/MicroverRoombaV3/src/rover_receive/src/receive_node_nano.cpp:10:92:[m[K [01;31m[Kerror: [m[Kâ€˜[01m[KBAUD_9600[m[Kâ€™ is not a member of â€˜[01m[KLibSerial::SerialStreamBuf[m[Kâ€™
[24.155s]    10 |     serial_port_ = new LibSerial::SerialStream("/dev/ttyUSB0", LibSerial::SerialStreamBuf::[01;31m[KBAUD_9600[m[K);
[24.155s]       |                                                                                            [01;31m[K^~~~~~~~~[m[K
[42.965s] gmake[2]: *** [CMakeFiles/receive_node_nano.dir/build.make:76: CMakeFiles/receive_node_nano.dir/src/receive_node_nano.cpp.o] Error 1
[43.001s] gmake[1]: *** [CMakeFiles/Makefile2:137: CMakeFiles/receive_node_nano.dir/all] Error 2
[43.002s] gmake: *** [Makefile:146: all] Error 2
[43.159s] Invoked command in '/home/arno/MicroverRoombaV3/build/rover_receive' returned '2': CMAKE_PREFIX_PATH=/opt/ros/humble /usr/bin/cmake --build /home/arno/MicroverRoombaV3/build/rover_receive -- -j4 -l4
